[INFO] Scanning for projects...
[INFO] 
[INFO] ----------------< com.blogapplication:BlogApplication >-----------------
[INFO] Building BlogApplication 0.0.1-SNAPSHOT
[INFO]   from pom.xml
[INFO] --------------------------------[ jar ]---------------------------------
[INFO] 
[INFO] >>> spring-boot:3.5.6:run (default-cli) > test-compile @ BlogApplication >>>
[INFO] 
[INFO] --- resources:3.3.1:resources (default-resources) @ BlogApplication ---
[INFO] Copying 1 resource from src/main/resources to target/classes
[INFO] Copying 6 resources from src/main/resources to target/classes
[INFO] 
[INFO] --- compiler:3.14.0:compile (default-compile) @ BlogApplication ---
[INFO] Recompiling the module because of changed source code.
[INFO] Compiling 30 source files with javac [debug parameters release 17] to target/classes
[INFO] /Users/anjalikumari/Desktop/MB/BlogApplication/src/main/java/com/mountblue/blogapplication/Cofig/SecurityConfig.java: /Users/anjalikumari/Desktop/MB/BlogApplication/src/main/java/com/mountblue/blogapplication/Cofig/SecurityConfig.java uses or overrides a deprecated API.
[INFO] /Users/anjalikumari/Desktop/MB/BlogApplication/src/main/java/com/mountblue/blogapplication/Cofig/SecurityConfig.java: Recompile with -Xlint:deprecation for details.
[INFO] /Users/anjalikumari/Desktop/MB/BlogApplication/src/main/java/com/mountblue/blogapplication/Service/PostService.java: /Users/anjalikumari/Desktop/MB/BlogApplication/src/main/java/com/mountblue/blogapplication/Service/PostService.java uses unchecked or unsafe operations.
[INFO] /Users/anjalikumari/Desktop/MB/BlogApplication/src/main/java/com/mountblue/blogapplication/Service/PostService.java: Recompile with -Xlint:unchecked for details.
[INFO] 
[INFO] --- resources:3.3.1:testResources (default-testResources) @ BlogApplication ---
[INFO] skip non existing resourceDirectory /Users/anjalikumari/Desktop/MB/BlogApplication/src/test/resources
[INFO] 
[INFO] --- compiler:3.14.0:testCompile (default-testCompile) @ BlogApplication ---
[INFO] Recompiling the module because of changed dependency.
[INFO] Compiling 1 source file with javac [debug parameters release 17] to target/test-classes
[INFO] 
[INFO] <<< spring-boot:3.5.6:run (default-cli) < test-compile @ BlogApplication <<<
[INFO] 
[INFO] 
[INFO] --- spring-boot:3.5.6:run (default-cli) @ BlogApplication ---
[INFO] Attaching agents: []
2025-10-18T11:26:47.531+05:30  WARN 10767 --- [BlogApplication] [  restartedMain] org.hibernate.orm.deprecation            : HHH90000025: PostgreSQLDialect does not need to be specified explicitly using 'hibernate.dialect' (remove the property setting and it will be selected by default)
2025-10-18T11:26:49.461+05:30  WARN 10767 --- [BlogApplication] [  restartedMain] r$InitializeUserDetailsManagerConfigurer : Global AuthenticationManager configured with an AuthenticationProvider bean. UserDetailsService beans will not be used by Spring Security for automatically configuring username/password login. Consider removing the AuthenticationProvider bean. Alternatively, consider using the UserDetailsService in a manually instantiated DaoAuthenticationProvider. If the current configuration is intentional, to turn off this warning, increase the logging level of 'org.springframework.security.config.annotation.authentication.configuration.InitializeUserDetailsBeanManagerConfigurer' to ERROR
2025-10-18T11:26:49.476+05:30  WARN 10767 --- [BlogApplication] [  restartedMain] JpaBaseConfiguration$JpaWebConfiguration : spring.jpa.open-in-view is enabled by default. Therefore, database queries may be performed during view rendering. Explicitly configure spring.jpa.open-in-view to disable this warning
2025-10-18T11:26:49.676+05:30  WARN 10767 --- [BlogApplication] [  restartedMain] o.s.b.d.a.OptionalLiveReloadServer       : Unable to start LiveReload server
2025-10-18T11:26:49.684+05:30  WARN 10767 --- [BlogApplication] [  restartedMain] ConfigServletWebServerApplicationContext : Exception encountered during context initialization - cancelling refresh attempt: org.springframework.context.ApplicationContextException: Failed to start bean 'webServerStartStop'
2025-10-18T11:26:49.701+05:30 ERROR 10767 --- [BlogApplication] [  restartedMain] o.s.b.d.LoggingFailureAnalysisReporter   : 

***************************
APPLICATION FAILED TO START
***************************

Description:

Web server failed to start. Port 8081 was already in use.

Action:

Identify and stop the process that's listening on port 8081 or configure this application to listen on another port.

[INFO] ------------------------------------------------------------------------
[INFO] BUILD SUCCESS
[INFO] ------------------------------------------------------------------------
[INFO] Total time:  4.978 s
[INFO] Finished at: 2025-10-18T11:26:49+05:30
[INFO] ------------------------------------------------------------------------
